FILE_TYPE=LIBRARY_PARTS;
PRIMITIVE 'ABLS_16.000MHz_20_B_3_H_T','ABLS_16.000MHz_20_B_3_H_T_Other';
  PIN
    'CRYSTAL_2':
      PIN_NUMBER='(2)';
      NO_LOAD_CHECK=BOTH;
      NO_IO_CHECK=BOTH;
      ALLOW_CONNECT=TRUE;
      PINUSE='UNSPEC';
    '':
      PIN_NUMBER='()';
      NO_LOAD_CHECK=BOTH;
      NO_IO_CHECK=BOTH;
      ALLOW_CONNECT=TRUE;
      PINUSE='UNSPEC';
  END_PIN;
  BODY
    PART_NAME='ABLS_16.000MHz_20_B_3_H_T';
    PHYS_DES_PREFIX='Y';
    NO_LOAD_CHECK='TRUE';
    PIN_COUNT='2';
    BODY_NAME='ABLS_16.000MHz_20_B_3_H_T';
    JEDEC_TYPE='ABLS16000MHz20B3HT';
  END_BODY;
END_PRIMITIVE;
END.
